Base path: '/Applications/2019.3.4f1/Unity.app/Contents', plugins path '/Applications/2019.3.4f1/PlaybackEngines'
Cmd: initializeCompiler
Cmd: compileComputeKernel
  api=14 insize=4057 outsize=2037 ok=1
Cmd: compileComputeKernel
  api=14 insize=4182 outsize=2037 ok=1
Cmd: compileComputeKernel
  error: 2 plat 14 at CCA3DCompute.compute(132): invalid type for index - index must be a scalar, or a vector with the correct number of dimensions
  api=14 insize=4188 outsize=0 ok=0
Cmd: compileComputeKernel
  error: 2 plat 14 at CCA3DCompute.compute(123): incorrect number of arguments to numeric-type constructor
  api=14 insize=4203 outsize=0 ok=0
Cmd: compileComputeKernel
  error: 2 plat 14 at CCA3DCompute.compute(124): invalid type for index - index must be a scalar, or a vector with the correct number of dimensions
  api=14 insize=4229 outsize=0 ok=0
Cmd: translateComputeKernel
  api=14 insize=2173 outsize=2043 ok=1
Cmd: compileSnippet
  api=14 type=1 insize=7290 outsize=13468 kw=UNITY_PASS_SHADOWCASTER _NORMALMAP_TANGENT_SPACE pd=UNITY_ENABLE_REFLECTION_BUFFERS UNITY_USE_DITHER_MASK_FOR_ALPHABLENDED_SHADOWS UNITY_PBS_USE_BRDF1 UNITY_SPECCUBE_BOX_PROJECTION UNITY_SPECCUBE_BLENDING UNITY_ENABLE_DETAIL_NORMALMAP SHADER_API_DESKTOP UNITY_LIGHT_PROBE_PROXY_VOLUME UNITY_LIGHTMAP_FULL_HDR ok=1
Cmd: compileComputeKernel
  error: 2 plat 14 at CCA3DCompute.compute(30): syntax error: unexpected token 'return'
  api=14 insize=4340 outsize=0 ok=0
Cmd: compileComputeKernel
  api=14 insize=4341 outsize=3559 ok=1
Cmd: translateComputeKernel
  api=14 insize=1981 outsize=1717 ok=1
Cmd: translateComputeKernel
  api=14 insize=3589 outsize=5032 ok=1
Cmd: translateComputeKernel
  api=14 insize=2173 outsize=2043 ok=1
Cmd: compileComputeKernel
  api=14 insize=4189 outsize=1963 ok=1
Cmd: compileSnippet
  api=14 type=1 insize=7774 outsize=17020 kw=_NORMALMAP_TANGENT_SPACE _DISABLE_DECALS _DISABLE_SSR _MATERIAL_FEATURE_SUBSURFACE_SCATTERING _MATERIAL_FEATURE_TRANSMISSION pd=UNITY_ENABLE_REFLECTION_BUFFERS UNITY_USE_DITHER_MASK_FOR_ALPHABLENDED_SHADOWS UNITY_PBS_USE_BRDF1 UNITY_SPECCUBE_BOX_PROJECTION UNITY_SPECCUBE_BLENDING UNITY_ENABLE_DETAIL_NORMALMAP SHADER_API_DESKTOP UNITY_LIGHT_PROBE_PROXY_VOLUME UNITY_LIGHTMAP_FULL_HDR ok=1

Quitting shader compiler process
