Base path: '/Applications/2019.3.3f1/Unity.app/Contents', plugins path '/Applications/2019.3.3f1/PlaybackEngines'
Cmd: initializeCompiler
Cmd: compileComputeKernel
  api=14 insize=1006 outsize=672 ok=1
Cmd: translateComputeKernel
  api=14 insize=672 outsize=600 ok=1
Cmd: compileComputeKernel
  api=14 insize=1005 outsize=936 ok=1
Cmd: translateComputeKernel
  api=14 insize=676 outsize=667 ok=1
Cmd: translateComputeKernel
  api=14 insize=896 outsize=970 ok=1
Cmd: translateComputeKernel
  api=14 insize=896 outsize=970 ok=1
Cmd: compileComputeKernel
  api=14 insize=1127 outsize=896 ok=1
Cmd: translateComputeKernel
  api=14 insize=896 outsize=970 ok=1
Cmd: compileComputeKernel
  api=14 insize=1111 outsize=1012 ok=1
Cmd: translateComputeKernel
  api=14 insize=1012 outsize=1170 ok=1
Cmd: translateComputeKernel
  api=14 insize=1032 outsize=1194 ok=1
Cmd: translateComputeKernel
  api=14 insize=1032 outsize=1194 ok=1
Cmd: compileComputeKernel
  api=14 insize=1190 outsize=1128 ok=1
Cmd: translateComputeKernel
  api=14 insize=1128 outsize=1378 ok=1
Cmd: compileComputeKernel
  api=14 insize=1221 outsize=896 ok=1
Cmd: translateComputeKernel
  api=14 insize=896 outsize=970 ok=1
Cmd: compileComputeKernel
  error: 2 plat 14 at ErosionCompute.compute(30): unrecognized identifier 'i'
  error: 2 plat 14 at ErosionCompute.compute(30): unrecognized identifier 'vec2'
  api=14 insize=1752 outsize=0 ok=0
Cmd: translateComputeKernel
  api=14 insize=896 outsize=970 ok=1
Cmd: compileComputeKernel
  api=14 insize=1705 outsize=896 ok=1
Cmd: compileComputeKernel
  api=14 insize=1706 outsize=816 ok=1
Cmd: translateComputeKernel
  api=14 insize=816 outsize=839 ok=1
Cmd: translateComputeKernel
  api=14 insize=896 outsize=970 ok=1
Cmd: translateComputeKernel
  api=14 insize=896 outsize=970 ok=1
Cmd: translateComputeKernel
  api=14 insize=944 outsize=1030 ok=1
Cmd: compileComputeKernel
  api=14 insize=1776 outsize=944 ok=1
Cmd: translateComputeKernel
  api=14 insize=896 outsize=970 ok=1
Cmd: translateComputeKernel
  api=14 insize=944 outsize=1030 ok=1
Cmd: compileComputeKernel
  api=14 insize=1843 outsize=896 ok=1
Cmd: translateComputeKernel
  api=14 insize=896 outsize=970 ok=1
Cmd: compileComputeKernel
  error: 2 plat 14 at ErosionCompute.compute(52): undeclared identifier 'idy'
  api=14 insize=1983 outsize=0 ok=0
Cmd: compileComputeKernel
  error: 2 plat 14 at ErosionCompute.compute(52): float2 object does not have methods
  error: 2 plat 14 at ErosionCompute.compute(52): syntax error: unexpected token ')'
  api=14 insize=2001 outsize=0 ok=0
Cmd: translateComputeKernel
  api=14 insize=896 outsize=970 ok=1
Cmd: compileComputeKernel
  api=14 insize=1651 outsize=796 ok=1
Cmd: translateComputeKernel
  api=14 insize=796 outsize=787 ok=1
Cmd: compileComputeKernel
  api=14 insize=1662 outsize=1928 ok=1
Cmd: translateComputeKernel
  api=14 insize=1928 outsize=2787 ok=1
Cmd: compileComputeKernel
  api=14 insize=1678 outsize=1912 ok=1
Cmd: translateComputeKernel
  api=14 insize=1912 outsize=2732 ok=1
Cmd: translateComputeKernel
  api=14 insize=1964 outsize=2825 ok=1
Cmd: translateComputeKernel
  api=14 insize=896 outsize=970 ok=1
Cmd: compileComputeKernel
  api=14 insize=1693 outsize=896 ok=1
Cmd: compileComputeKernel
  error: 2 plat 14 at ErosionCompute.compute(53): 'noise': no matching 0 parameter function; Possible functions are: noise(floatM|halfM|min10floatM|min16floatM)
  error: 2 plat 14 at ErosionCompute.compute(53): syntax error: unexpected token ';'
  api=14 insize=1684 outsize=0 ok=0
Cmd: translateComputeKernel
  api=14 insize=896 outsize=970 ok=1
Cmd: translateComputeKernel
  api=14 insize=896 outsize=970 ok=1
Cmd: compileComputeKernel
  error: 1 plat 14 at CCAComputeSimple.compute(31): implicit truncation of vector type
  error: 1 plat 14 at CCAComputeSimple.compute(32): implicit truncation of vector type
  error: 1 plat 14 at CCAComputeSimple.compute(33): implicit truncation of vector type
  error: 1 plat 14 at CCAComputeSimple.compute(34): implicit truncation of vector type
  error: 2 plat 14 at CCAComputeSimple.compute(63): 'fractalNoise': no matching 1 parameter function
  api=14 insize=2598 outsize=0 ok=0
Cmd: translateComputeKernel
  api=14 insize=2849 outsize=3914 ok=1
Cmd: compileComputeKernel
  api=14 insize=1659 outsize=928 ok=1
Cmd: translateComputeKernel
  api=14 insize=928 outsize=1032 ok=1
Cmd: translateComputeKernel
  api=14 insize=928 outsize=1032 ok=1
Cmd: compileComputeKernel
  error: 2 plat 14 at ErosionCompute.compute(65): syntax error: unexpected token ';'
  api=14 insize=1690 outsize=0 ok=0
Cmd: translateComputeKernel
  api=14 insize=3040 outsize=4483 ok=1
Cmd: compileComputeKernel
  error: 2 plat 14 at ErosionCompute.compute(76): syntax error: unexpected token ';'
  api=14 insize=1672 outsize=0 ok=0
Cmd: compileComputeKernel
  api=14 insize=1673 outsize=928 ok=1
Cmd: translateComputeKernel
  api=14 insize=3546 outsize=4824 ok=1
Cmd: compileComputeKernel
  api=14 insize=1811 outsize=3546 ok=1
Cmd: translateComputeKernel
  api=14 insize=3546 outsize=4824 ok=1
Cmd: translateComputeKernel
  api=14 insize=3546 outsize=4824 ok=1
Cmd: compileComputeKernel
  api=14 insize=1829 outsize=1271 ok=1
Cmd: compileComputeKernel
  api=14 insize=1825 outsize=3595 ok=1
Cmd: translateComputeKernel
  api=14 insize=3818 outsize=5268 ok=1
Cmd: compileComputeKernel
  api=14 insize=1925 outsize=3818 ok=1
Cmd: translateComputeKernel
  api=14 insize=3818 outsize=5276 ok=1
Cmd: compileComputeKernel
  error: 2 plat 14 at ErosionCompute.compute(98): 'evaporation': identifier represents a function, not a variable
  api=14 insize=2181 outsize=0 ok=0
Cmd: compileComputeKernel
  api=14 insize=2171 outsize=3846 ok=1
Cmd: translateComputeKernel
  api=14 insize=3490 outsize=4787 ok=1
Cmd: translateComputeKernel
  api=14 insize=3846 outsize=5330 ok=1
Cmd: compileComputeKernel
  error: 2 plat 14 at ErosionCompute.compute(96): redefinition of 'GetSediment'
  api=14 insize=2384 outsize=0 ok=0
Cmd: translateComputeKernel
  api=14 insize=3846 outsize=5325 ok=1
Cmd: translateComputeKernel
  api=14 insize=3830 outsize=5307 ok=1
Cmd: compileComputeKernel
  error: 2 plat 14 at ErosionCompute.compute(111): undeclared identifier 'CalcWaterLevel'
  api=14 insize=2515 outsize=0 ok=0
Cmd: compileComputeKernel
  error: 1 plat 14 at ErosionCompute.compute(117): 'CalcWaterLevel': implicit truncation of vector type
  api=14 insize=2616 outsize=3830 ok=1
Cmd: translateComputeKernel
  api=14 insize=3521 outsize=4835 ok=1
Cmd: translateComputeKernel
  api=14 insize=4381 outsize=6341 ok=1
Cmd: compileComputeKernel
  error: 1 plat 14 at ErosionCompute.compute(98): implicit truncation of vector type
  api=14 insize=3018 outsize=4381 ok=1
Cmd: translateComputeKernel
  api=14 insize=4381 outsize=6341 ok=1
Cmd: translateComputeKernel
  api=14 insize=3521 outsize=4835 ok=1
Cmd: translateComputeKernel
  api=14 insize=3490 outsize=4787 ok=1
Cmd: translateComputeKernel
  api=14 insize=3830 outsize=5307 ok=1
Cmd: compileComputeKernel
  api=14 insize=2991 outsize=3490 ok=1
Cmd: translateComputeKernel
  api=14 insize=3490 outsize=4787 ok=1
Cmd: compileComputeKernel
  error: 2 plat 14 at ErosionCompute.compute(131): 'Erode': no matching 1 parameter function
  api=14 insize=2872 outsize=0 ok=0
Cmd: compileComputeKernel
  error: 2 plat 14 at ErosionCompute.compute(114): undeclared identifier 'id'
  api=14 insize=3390 outsize=0 ok=0
Cmd: compileComputeKernel
  error: 2 plat 14 at ErosionCompute.compute(97): undeclared identifier 'test'
  api=14 insize=3188 outsize=0 ok=0
Cmd: compileComputeKernel
  error: 2 plat 14 at ErosionCompute.compute(99): undeclared identifier 'test'
  api=14 insize=2938 outsize=0 ok=0
Cmd: compileComputeKernel
  error: 2 plat 14 at ErosionCompute.compute(100): undeclared identifier 'test'
  api=14 insize=2974 outsize=0 ok=0
Cmd: compileComputeKernel
  error: 2 plat 14 at ErosionCompute.compute(100): undeclared identifier 'test'
  api=14 insize=2974 outsize=0 ok=0
Cmd: compileComputeKernel
  error: 2 plat 14 at ErosionCompute.compute(100): undeclared identifier 'test'
  api=14 insize=3094 outsize=0 ok=0

Quitting shader compiler process
