Base path: '/Applications/2019.3.4f1/Unity.app/Contents', plugins path '/Applications/2019.3.4f1/PlaybackEngines'
Cmd: initializeCompiler
Cmd: translateComputeKernel
  api=14 insize=1981 outsize=1716 ok=1
Cmd: compileComputeKernel
  api=14 insize=4057 outsize=3427 ok=1
Cmd: translateComputeKernel
  api=14 insize=1981 outsize=1716 ok=1
Cmd: compileComputeKernel
  error: 2 plat 14 at CCA3DCompute.compute(132): invalid type for index - index must be a scalar, or a vector with the correct number of dimensions
  api=14 insize=4188 outsize=0 ok=0
Cmd: compileComputeKernel
  error: 2 plat 14 at CCA3DCompute.compute(28): cannot implicitly convert from 'const float2' to 'float3'
  api=14 insize=4205 outsize=0 ok=0
Cmd: compileComputeKernel
  error: 1 plat 14 at CCA3DCompute.compute(34): 'Random': implicit truncation of vector type
  error: 2 plat 14 at CCA3DCompute.compute(53): invalid type for index - index must be a scalar, or a vector with the correct number of dimensions
  api=14 insize=4216 outsize=0 ok=0
Cmd: compileComputeKernel
  error: 2 plat 14 at CCA3DCompute.compute(53): invalid type for index - index must be a scalar, or a vector with the correct number of dimensions
  api=14 insize=4216 outsize=0 ok=0
Cmd: compileComputeKernel
  error: 2 plat 14 at CCA3DCompute.compute(123): incorrect number of arguments to numeric-type constructor
  api=14 insize=4229 outsize=0 ok=0
Cmd: compileComputeKernel
  api=14 insize=4230 outsize=3559 ok=1
Cmd: translateComputeKernel
  api=14 insize=1981 outsize=1717 ok=1
Cmd: compileComputeKernel
  api=14 insize=4341 outsize=1833 ok=1
Cmd: translateComputeKernel
  api=14 insize=2111 outsize=1935 ok=1
Cmd: compileSnippet
  api=14 type=1 insize=7290 outsize=17020 kw=UNITY_PASS_SHADOWCASTER _NORMALMAP_TANGENT_SPACE _DISABLE_DECALS _DISABLE_SSR _MATERIAL_FEATURE_SUBSURFACE_SCATTERING _MATERIAL_FEATURE_TRANSMISSION pd=UNITY_ENABLE_REFLECTION_BUFFERS UNITY_USE_DITHER_MASK_FOR_ALPHABLENDED_SHADOWS UNITY_PBS_USE_BRDF1 UNITY_SPECCUBE_BOX_PROJECTION UNITY_SPECCUBE_BLENDING UNITY_ENABLE_DETAIL_NORMALMAP SHADER_API_DESKTOP UNITY_LIGHT_PROBE_PROXY_VOLUME UNITY_LIGHTMAP_FULL_HDR ok=1

Quitting shader compiler process
