Base path: '/Applications/Unity/Hub/Editor/2019.3.3f1/Unity.app/Contents', plugins path '/Applications/Unity/Hub/Editor/2019.3.3f1/Unity.app/Contents/PlaybackEngines'
Cmd: initializeCompiler
Cmd: compileComputeKernel
  api=14 insize=501 outsize=632 ok=1
Cmd: translateComputeKernel
  api=14 insize=632 outsize=516 ok=1
Cmd: compileComputeKernel
  error: 2 plat 14 at CCACompute.compute(21): 'frac': no matching 0 parameter intrinsic function; Possible intrinsic functions are: frac(float|half|min10float|min16float)
  error: 2 plat 14 at CCACompute.compute(22): syntax error: unexpected token '}'
  api=14 insize=829 outsize=0 ok=0
Cmd: compileComputeKernel
  api=14 insize=851 outsize=924 ok=1
Cmd: translateComputeKernel
  api=14 insize=979 outsize=961 ok=1
Cmd: compileComputeKernel
  api=14 insize=856 outsize=1443 ok=1
Cmd: translateComputeKernel
  api=14 insize=1443 outsize=1289 ok=1
Cmd: compileComputeKernel
  error: 2 plat 14 at CCACompute.compute(56): 'SampleLevel': no matching 2 parameter intrinsic method; Possible intrinsic methods are: Texture2D<float>.SampleLevel(SamplerState, float2|half2|min10float2|min16float2, float1|half1|min10float1|min16float1) Texture2D<float>.SampleLevel(SamplerState, float2|half2|min10float2|min16float2, float1|half1|min10float1|min16float1, int2) Texture2D<float>.SampleLevel(SamplerState, float2|half2|min10float2|min16float2, float1|half1|min10float1|min16float1, int2, out uint status)
  api=14 insize=1493 outsize=0 ok=0
Cmd: compileComputeKernel
  api=14 insize=1606 outsize=2749 ok=1
Cmd: compileComputeKernel
  api=14 insize=1606 outsize=1443 ok=1
Cmd: compileSnippet
  api=14 type=0 insize=3401 outsize=6654 kw=DEBUG_DISPLAY pd=UNITY_ENABLE_REFLECTION_BUFFERS UNITY_USE_DITHER_MASK_FOR_ALPHABLENDED_SHADOWS UNITY_PBS_USE_BRDF1 UNITY_SPECCUBE_BOX_PROJECTION UNITY_SPECCUBE_BLENDING UNITY_ENABLE_DETAIL_NORMALMAP SHADER_API_DESKTOP UNITY_LIGHT_PROBE_PROXY_VOLUME UNITY_LIGHTMAP_FULL_HDR ok=1
Cmd: compileSnippet
  api=14 type=1 insize=7868 outsize=29184 kw=DECALS_3RT DEBUG_DISPLAY _NORMALMAP_TANGENT_SPACE pd=UNITY_ENABLE_REFLECTION_BUFFERS UNITY_USE_DITHER_MASK_FOR_ALPHABLENDED_SHADOWS UNITY_PBS_USE_BRDF1 UNITY_SPECCUBE_BOX_PROJECTION UNITY_SPECCUBE_BLENDING UNITY_ENABLE_DETAIL_NORMALMAP SHADER_API_DESKTOP UNITY_LIGHT_PROBE_PROXY_VOLUME UNITY_LIGHTMAP_FULL_HDR ok=1
Cmd: compileComputeKernel
  api=14 insize=1613 outsize=2893 ok=1
Cmd: translateComputeKernel
  api=14 insize=1561 outsize=1470 ok=1
Cmd: compileComputeKernel
  api=14 insize=1614 outsize=2805 ok=1
Cmd: translateComputeKernel
  api=14 insize=1561 outsize=1470 ok=1
Cmd: translateComputeKernel
  api=14 insize=2801 outsize=3914 ok=1
Cmd: compileComputeKernel
  error: 2 plat 14 at CCACompute.compute(69): if statement conditional expressions must evaluate to a scalar
  error: 1 plat 14 at CCACompute.compute(69): signed/unsigned mismatch, unsigned assumed
  error: 2 plat 14 at CCACompute.compute(74): unrecognized identifier 'writeTex'
  api=14 insize=1706 outsize=0 ok=0
Cmd: compileComputeKernel
  error: 2 plat 14 at CCACompute.compute(69): if statement conditional expressions must evaluate to a scalar
  error: 1 plat 14 at CCACompute.compute(69): signed/unsigned mismatch, unsigned assumed
  error: 2 plat 14 at CCACompute.compute(74): unrecognized identifier 'writeTex'
  api=14 insize=1712 outsize=0 ok=0
Cmd: compileComputeKernel
  error: 2 plat 14 at CCACompute.compute(69): if statement conditional expressions must evaluate to a scalar
  error: 2 plat 14 at CCACompute.compute(74): unrecognized identifier 'writeTex'
  api=14 insize=1713 outsize=0 ok=0
Cmd: compileComputeKernel
  api=14 insize=1720 outsize=2893 ok=1
Cmd: compileComputeKernel
  error: 2 plat 14 at CCACompute.compute(69): if statement conditional expressions must evaluate to a scalar
  error: 2 plat 14 at CCACompute.compute(74): unrecognized identifier 'writeTex'
  api=14 insize=1716 outsize=0 ok=0
Cmd: compileComputeKernel
  error: 2 plat 14 at CCACompute.compute(69): if statement conditional expressions must evaluate to a scalar
  error: 2 plat 14 at CCACompute.compute(74): unrecognized identifier 'writeTex'
  api=14 insize=1721 outsize=0 ok=0
Cmd: compileComputeKernel
  error: 2 plat 14 at CCACompute.compute(69): if statement conditional expressions must evaluate to a scalar
  error: 2 plat 14 at CCACompute.compute(74): unrecognized identifier 'writeTex'
  api=14 insize=1721 outsize=0 ok=0
Cmd: compileComputeKernel
  error: 2 plat 14 at CCACompute.compute(69): if statement conditional expressions must evaluate to a scalar
  error: 2 plat 14 at CCACompute.compute(74): unrecognized identifier 'writeTex'
  api=14 insize=1712 outsize=0 ok=0
Cmd: compileComputeKernel
  error: 2 plat 14 at CCACompute.compute(69): if statement conditional expressions must evaluate to a scalar
  error: 2 plat 14 at CCACompute.compute(74): unrecognized identifier 'writeTex'
  api=14 insize=1711 outsize=0 ok=0
Cmd: compileComputeKernel
  api=14 insize=1704 outsize=1531 ok=1
Cmd: translateComputeKernel
  api=14 insize=1678 outsize=1516 ok=1
Cmd: translateComputeKernel
  api=14 insize=1678 outsize=1516 ok=1
Cmd: compileComputeKernel
  api=14 insize=1722 outsize=1531 ok=1
Cmd: compileComputeKernel
  api=14 insize=1728 outsize=2889 ok=1
Cmd: translateComputeKernel
  api=14 insize=1649 outsize=1470 ok=1
Cmd: compileComputeKernel
  api=14 insize=1742 outsize=1531 ok=1
Cmd: translateComputeKernel
  api=14 insize=3054 outsize=4270 ok=1
Cmd: translateComputeKernel
  api=14 insize=1649 outsize=1470 ok=1
Cmd: translateComputeKernel
  api=14 insize=2889 outsize=3914 ok=1
Cmd: compileComputeKernel
  api=14 insize=1722 outsize=1531 ok=1
Cmd: compileComputeKernel
  api=14 insize=1732 outsize=2889 ok=1
Cmd: translateComputeKernel
  api=14 insize=1649 outsize=1470 ok=1
Cmd: translateComputeKernel
  api=14 insize=3026 outsize=4190 ok=1
Cmd: compileComputeKernel
  api=14 insize=1732 outsize=1531 ok=1
Cmd: translateComputeKernel
  api=14 insize=2889 outsize=3914 ok=1
Cmd: compileComputeKernel
  api=14 insize=1763 outsize=3026 ok=1
Cmd: translateComputeKernel
  api=14 insize=1678 outsize=1516 ok=1
Cmd: translateComputeKernel
  api=14 insize=3010 outsize=4148 ok=1
Cmd: translateComputeKernel
  api=14 insize=1678 outsize=1516 ok=1
Cmd: compileComputeKernel
  api=14 insize=1816 outsize=3010 ok=1
Cmd: translateComputeKernel
  api=14 insize=1678 outsize=1516 ok=1
Cmd: translateComputeKernel
  api=14 insize=1561 outsize=1279 ok=1
Cmd: translateComputeKernel
  api=14 insize=3054 outsize=4270 ok=1
Cmd: compileComputeKernel
  api=14 insize=1818 outsize=3126 ok=1
Cmd: translateComputeKernel
  api=14 insize=3126 outsize=4420 ok=1
Cmd: translateComputeKernel
  api=14 insize=1678 outsize=1516 ok=1
Cmd: compileComputeKernel
  error: 2 plat 14 at CCACompute.compute(71): undeclared identifier 'drawRange'
  api=14 insize=1992 outsize=0 ok=0
Cmd: compileComputeKernel
  api=14 insize=2007 outsize=3439 ok=1
Cmd: compileComputeKernel
  api=14 insize=2009 outsize=1579 ok=1
Cmd: compileComputeKernel
  api=14 insize=2023 outsize=3511 ok=1
Cmd: compileComputeKernel
  api=14 insize=2023 outsize=3515 ok=1
Cmd: compileComputeKernel
  api=14 insize=2043 outsize=2937 ok=1
Cmd: translateComputeKernel
  api=14 insize=1697 outsize=1470 ok=1
Cmd: compileComputeKernel
  error: 2 plat 14 at CCACompute.compute(71): syntax error: unexpected token '='
  error: 2 plat 14 at CCACompute.compute(81): unrecognized identifier 'writeTex'
  api=14 insize=2021 outsize=0 ok=0
Cmd: compileComputeKernel
  error: 2 plat 14 at CCACompute.compute(71): syntax error: unexpected token '='
  error: 2 plat 14 at CCACompute.compute(81): unrecognized identifier 'writeTex'
  api=14 insize=2019 outsize=0 ok=0
Cmd: compileComputeKernel
  api=14 insize=2018 outsize=2937 ok=1
Cmd: translateComputeKernel
  api=14 insize=1697 outsize=1470 ok=1
Cmd: compileComputeKernel
  api=14 insize=1793 outsize=3058 ok=1
Cmd: compileComputeKernel
  api=14 insize=1816 outsize=3074 ok=1
Cmd: translateComputeKernel
  api=14 insize=1726 outsize=1516 ok=1
Cmd: compileComputeKernel
  api=14 insize=1838 outsize=3086 ok=1
Cmd: compileComputeKernel
  api=14 insize=1839 outsize=3058 ok=1
Cmd: compileComputeKernel
  api=14 insize=1843 outsize=3058 ok=1
Cmd: compileComputeKernel
  error: 2 plat 14 at CCACompute.compute(71): syntax error: unexpected token ']'
  api=14 insize=1846 outsize=0 ok=0
Cmd: compileComputeKernel
  api=14 insize=1845 outsize=3058 ok=1
Cmd: compileComputeKernel
  api=14 insize=1820 outsize=3030 ok=1
Cmd: translateComputeKernel
  api=14 insize=1726 outsize=1516 ok=1
Cmd: compileComputeKernel
  api=14 insize=1818 outsize=1579 ok=1
Cmd: compileComputeKernel
  api=14 insize=1835 outsize=1579 ok=1
Cmd: translateComputeKernel
  api=14 insize=3126 outsize=4272 ok=1
Cmd: compileComputeKernel
  api=14 insize=1817 outsize=1579 ok=1
Cmd: compileComputeKernel
  api=14 insize=1817 outsize=1579 ok=1
