Base path: '/Applications/2019.3.3f1/Unity.app/Contents', plugins path '/Applications/2019.3.3f1/PlaybackEngines'
Cmd: initializeCompiler
Cmd: preprocessCompute
  insize=3748 outsize=3749 ok=1
Cmd: compileComputeKernel
  api=14 insize=3749 outsize=1671 ok=1
Cmd: preprocessCompute
  insize=3749 outsize=3750 ok=1
Cmd: translateComputeKernel
  api=14 insize=3607 outsize=4904 ok=1
Cmd: preprocessCompute
  insize=3809 outsize=3810 ok=1
Cmd: compileComputeKernel
  api=14 insize=3810 outsize=1671 ok=1
Cmd: translateComputeKernel
  api=14 insize=3607 outsize=4904 ok=1
Cmd: preprocessCompute
  insize=3843 outsize=3844 ok=1
Cmd: translateComputeKernel
  api=14 insize=3597 outsize=4951 ok=1
Cmd: preprocessCompute
  insize=3879 outsize=3882 ok=1
Cmd: compileComputeKernel
  error: 2 plat 14 at (0): Did not find shader kernel 'SecondaryNoiseKernel' to compile
  api=14 insize=3882 outsize=0 ok=0
Cmd: translateComputeKernel
  api=14 insize=1881 outsize=1621 ok=1
Cmd: preprocessCompute
  insize=4139 outsize=4142 ok=1
Cmd: compileComputeKernel
  api=14 insize=4142 outsize=1671 ok=1
Cmd: translateComputeKernel
  api=14 insize=3597 outsize=4951 ok=1
Cmd: preprocessCompute
  insize=4140 outsize=4143 ok=1
Cmd: compileComputeKernel
  api=14 insize=4143 outsize=1671 ok=1
Cmd: translateComputeKernel
  api=14 insize=3597 outsize=4952 ok=1
