Base path: '/Applications/2019.3.4f1/Unity.app/Contents', plugins path '/Applications/2019.3.4f1/PlaybackEngines'
Cmd: initializeCompiler
Cmd: compileComputeKernel
  error: 2 plat 14 at PhysarumCompute.compute(221): undeclared identifier 'diffuse'
  api=14 insize=7252 outsize=0 ok=0
Cmd: compileComputeKernel
  error: 2 plat 14 at PhysarumCompute.compute(221): undeclared identifier 'diffuse'
  api=14 insize=7259 outsize=0 ok=0
Cmd: compileComputeKernel
  error: 2 plat 14 at PhysarumCompute.compute(223): undeclared identifier 'rez'
  api=14 insize=7261 outsize=0 ok=0
Cmd: compileComputeKernel
  api=14 insize=7552 outsize=1603 ok=1
Cmd: translateComputeKernel
  api=14 insize=1931 outsize=1429 ok=1
Cmd: compileComputeKernel
  api=14 insize=7531 outsize=1603 ok=1
Cmd: translateComputeKernel
  api=14 insize=1931 outsize=1429 ok=1
Cmd: compileComputeKernel
  api=14 insize=7530 outsize=3028 ok=1
Cmd: translateComputeKernel
  api=14 insize=7256 outsize=11431 ok=1
Cmd: compileComputeKernel
  api=14 insize=7543 outsize=1603 ok=1
Cmd: translateComputeKernel
  api=14 insize=1026 outsize=523 ok=1
Cmd: compileComputeKernel
  api=14 insize=7543 outsize=7123 ok=1
Cmd: translateComputeKernel
  api=14 insize=1026 outsize=523 ok=1
Cmd: compileComputeKernel
  api=14 insize=7543 outsize=1603 ok=1
Cmd: translateComputeKernel
  api=14 insize=3242 outsize=4142 ok=1
Cmd: translateComputeKernel
  api=14 insize=7220 outsize=11373 ok=1
Cmd: translateComputeKernel
  api=14 insize=7256 outsize=11431 ok=1
Cmd: compileComputeKernel
  api=14 insize=7579 outsize=639 ok=1
Cmd: translateComputeKernel
  api=14 insize=1895 outsize=1371 ok=1
Cmd: translateComputeKernel
  api=14 insize=7256 outsize=11431 ok=1

Quitting shader compiler process
